[  0%] Built target tf2_msgs_generate_messages_lisp
[  0%] Built target std_srvs_generate_messages_eus
[  0%] Built target actionlib_msgs_generate_messages_lisp
[  0%] Built target robp_msgs_generate_messages_cpp
[  0%] Built target std_srvs_generate_messages_lisp
[  0%] Built target tf2_msgs_generate_messages_nodejs
[  0%] Built target robp_msgs_generate_messages_lisp
[  0%] Built target std_srvs_generate_messages_py
[  0%] Built target roscpp_generate_messages_eus
[  0%] Built target geometry_msgs_generate_messages_eus
[  0%] Built target rosgraph_msgs_generate_messages_eus
[  0%] Built target robp_msgs_generate_messages_nodejs
[  0%] Built target roscpp_generate_messages_py
[  0%] Built target std_msgs_generate_messages_py
[  0%] Built target std_msgs_generate_messages_nodejs
[  0%] Built target nodelet_generate_messages_lisp
[  0%] Built target std_msgs_generate_messages_lisp
[  0%] Built target sensor_msgs_generate_messages_cpp
[  0%] Built target actionlib_generate_messages_lisp
[  0%] Built target roscpp_generate_messages_lisp
[  0%] Built target dynamic_reconfigure_gencfg
[  0%] Built target std_srvs_generate_messages_cpp
[  3%] [34m[1mGenerating dynamic reconfigure files from cfg/Motor.cfg: /home/robot/dd2419_ws/devel/.private/robp_phidgets/include/robp_phidgets/MotorConfig.h /home/robot/dd2419_ws/devel/.private/robp_phidgets/lib/python3/dist-packages/robp_phidgets/cfg/MotorConfig.py[0m
[  3%] Built target robp_msgs_generate_messages_eus
[  3%] Built target dynamic_reconfigure_generate_messages_eus
[  3%] Built target nodelet_generate_messages_cpp
[  3%] Built target dynamic_reconfigure_generate_messages_py
[  3%] Built target actionlib_msgs_generate_messages_eus
[  3%] Built target rosgraph_msgs_generate_messages_py
[  3%] Built target rosgraph_msgs_generate_messages_lisp
[  3%] Built target geometry_msgs_generate_messages_nodejs
[  3%] Built target geometry_msgs_generate_messages_cpp
[  3%] Built target roscpp_generate_messages_cpp
[  3%] Built target geometry_msgs_generate_messages_py
[  3%] Built target tf2_msgs_generate_messages_eus
[  3%] Built target dynamic_reconfigure_generate_messages_cpp
[  3%] Built target sensor_msgs_generate_messages_py
[  3%] Built target std_msgs_generate_messages_cpp
[  3%] Built target tf2_msgs_generate_messages_cpp
[  3%] Built target geometry_msgs_generate_messages_lisp
[  3%] Built target roscpp_generate_messages_nodejs
[  3%] Built target dynamic_reconfigure_generate_messages_lisp
[  3%] Built target robp_msgs_generate_messages_py
[  3%] Built target imu_filter_madgwick_gencfg
[  3%] Built target rosgraph_msgs_generate_messages_nodejs
[  3%] Built target nodelet_generate_messages_eus
[  3%] Built target actionlib_msgs_generate_messages_py
[  3%] Built target actionlib_generate_messages_nodejs
[  3%] Built target actionlib_generate_messages_cpp
Generating reconfiguration files for Motor in robp_phidgets
Wrote header file in /home/robot/dd2419_ws/devel/.private/robp_phidgets/include/robp_phidgets/MotorConfig.h
[  3%] Built target nodelet_generate_messages_nodejs
[  3%] Built target bond_generate_messages_nodejs
[ 13%] Built target robp_phidgets_util
[ 13%] Built target std_srvs_generate_messages_nodejs
[ 13%] Built target tf2_msgs_generate_messages_py
[ 13%] Built target dynamic_reconfigure_generate_messages_nodejs
[ 13%] Built target nodelet_generate_messages_py
[ 13%] Built target bond_generate_messages_cpp
[ 13%] Built target bond_generate_messages_eus
[ 26%] Built target robp_phidgets_gencfg
[ 26%] Built target bond_generate_messages_lisp
[ 26%] Built target sensor_msgs_generate_messages_lisp
[ 26%] Built target sensor_msgs_generate_messages_eus
[ 26%] Built target sensor_msgs_generate_messages_nodejs
[ 26%] Built target bond_generate_messages_py
[ 26%] Built target rosgraph_msgs_generate_messages_cpp
[ 26%] Built target actionlib_generate_messages_eus
[ 26%] Built target actionlib_msgs_generate_messages_cpp
[ 26%] Built target actionlib_msgs_generate_messages_nodejs
[ 26%] Built target actionlib_generate_messages_py
[ 26%] Built target std_msgs_generate_messages_eus
[ 40%] Built target robp_phidgets_temperature
[ 40%] Built target robp_phidgets_encoder
[ 46%] Built target robp_phidgets_logging_nodelet
[ 53%] Built target robp_phidgets_motor
[ 60%] Built target robp_phidgets_spatial
[35m[1mScanning dependencies of target robp_phidgets_motors[0m
[ 66%] Built target robp_phidgets_encoders
[ 73%] Built target robp_phidgets_temperature_nodelet
[ 76%] [32mBuilding CXX object CMakeFiles/robp_phidgets_motors.dir/src/motors.cpp.o[0m
[ 83%] Built target robp_phidgets_spatial_nodelet
[ 90%] Built target robp_phidgets_encoders_nodelet
[ 93%] [32m[1mLinking CXX shared library /home/robot/dd2419_ws/devel/.private/robp_phidgets/lib/librobp_phidgets_motors.so[0m
[ 93%] Built target robp_phidgets_motors
[35m[1mScanning dependencies of target robp_phidgets_motors_nodelet[0m
[ 96%] [32mBuilding CXX object CMakeFiles/robp_phidgets_motors_nodelet.dir/src/motors_nodelet.cpp.o[0m
[100%] [32m[1mLinking CXX shared library /home/robot/dd2419_ws/devel/.private/robp_phidgets/lib/librobp_phidgets_motors_nodelet.so[0m
[100%] Built target robp_phidgets_motors_nodelet
