Linked: (/home/robot/dd2419_ws/devel/.private/robp_phidgets/lib/librobp_phidgets_temperature_nodelet.so, /home/robot/dd2419_ws/devel/lib/librobp_phidgets_temperature_nodelet.so)
Linked: (/home/robot/dd2419_ws/devel/.private/robp_phidgets/lib/librobp_phidgets_spatial.so, /home/robot/dd2419_ws/devel/lib/librobp_phidgets_spatial.so)
Linked: (/home/robot/dd2419_ws/devel/.private/robp_phidgets/lib/librobp_phidgets_temperature.so, /home/robot/dd2419_ws/devel/lib/librobp_phidgets_temperature.so)
Linked: (/home/robot/dd2419_ws/devel/.private/robp_phidgets/lib/librobp_phidgets_util.so, /home/robot/dd2419_ws/devel/lib/librobp_phidgets_util.so)
Linked: (/home/robot/dd2419_ws/devel/.private/robp_phidgets/lib/librobp_phidgets_motors_nodelet.so, /home/robot/dd2419_ws/devel/lib/librobp_phidgets_motors_nodelet.so)
Linked: (/home/robot/dd2419_ws/devel/.private/robp_phidgets/lib/librobp_phidgets_logging_nodelet.so, /home/robot/dd2419_ws/devel/lib/librobp_phidgets_logging_nodelet.so)
Linked: (/home/robot/dd2419_ws/devel/.private/robp_phidgets/lib/librobp_phidgets_encoder.so, /home/robot/dd2419_ws/devel/lib/librobp_phidgets_encoder.so)
Linked: (/home/robot/dd2419_ws/devel/.private/robp_phidgets/lib/librobp_phidgets_encoders.so, /home/robot/dd2419_ws/devel/lib/librobp_phidgets_encoders.so)
Linked: (/home/robot/dd2419_ws/devel/.private/robp_phidgets/lib/librobp_phidgets_motors.so, /home/robot/dd2419_ws/devel/lib/librobp_phidgets_motors.so)
Linked: (/home/robot/dd2419_ws/devel/.private/robp_phidgets/lib/librobp_phidgets_encoders_nodelet.so, /home/robot/dd2419_ws/devel/lib/librobp_phidgets_encoders_nodelet.so)
Linked: (/home/robot/dd2419_ws/devel/.private/robp_phidgets/lib/librobp_phidgets_motor.so, /home/robot/dd2419_ws/devel/lib/librobp_phidgets_motor.so)
Linked: (/home/robot/dd2419_ws/devel/.private/robp_phidgets/lib/librobp_phidgets_spatial_nodelet.so, /home/robot/dd2419_ws/devel/lib/librobp_phidgets_spatial_nodelet.so)
Linked: (/home/robot/dd2419_ws/devel/.private/robp_phidgets/lib/pkgconfig/robp_phidgets.pc, /home/robot/dd2419_ws/devel/lib/pkgconfig/robp_phidgets.pc)
Linked: (/home/robot/dd2419_ws/devel/.private/robp_phidgets/lib/python3/dist-packages/robp_phidgets/__init__.py, /home/robot/dd2419_ws/devel/lib/python3/dist-packages/robp_phidgets/__init__.py)
Linked: (/home/robot/dd2419_ws/devel/.private/robp_phidgets/lib/python3/dist-packages/robp_phidgets/cfg/MotorConfig.py, /home/robot/dd2419_ws/devel/lib/python3/dist-packages/robp_phidgets/cfg/MotorConfig.py)
Linked: (/home/robot/dd2419_ws/devel/.private/robp_phidgets/lib/python3/dist-packages/robp_phidgets/cfg/TemperatureConfig.py, /home/robot/dd2419_ws/devel/lib/python3/dist-packages/robp_phidgets/cfg/TemperatureConfig.py)
Linked: (/home/robot/dd2419_ws/devel/.private/robp_phidgets/lib/python3/dist-packages/robp_phidgets/cfg/__init__.py, /home/robot/dd2419_ws/devel/lib/python3/dist-packages/robp_phidgets/cfg/__init__.py)
Linked: (/home/robot/dd2419_ws/devel/.private/robp_phidgets/lib/python3/dist-packages/robp_phidgets/cfg/EncoderConfig.py, /home/robot/dd2419_ws/devel/lib/python3/dist-packages/robp_phidgets/cfg/EncoderConfig.py)
Linked: (/home/robot/dd2419_ws/devel/.private/robp_phidgets/lib/python3/dist-packages/robp_phidgets/cfg/LoggingConfig.py, /home/robot/dd2419_ws/devel/lib/python3/dist-packages/robp_phidgets/cfg/LoggingConfig.py)
Linked: (/home/robot/dd2419_ws/devel/.private/robp_phidgets/lib/python3/dist-packages/robp_phidgets/cfg/SpatialConfig.py, /home/robot/dd2419_ws/devel/lib/python3/dist-packages/robp_phidgets/cfg/SpatialConfig.py)
Linked: (/home/robot/dd2419_ws/devel/.private/robp_phidgets/share/robp_phidgets/docs/MotorConfig.wikidoc, /home/robot/dd2419_ws/devel/share/robp_phidgets/docs/MotorConfig.wikidoc)
Linked: (/home/robot/dd2419_ws/devel/.private/robp_phidgets/share/robp_phidgets/docs/LoggingConfig-usage.dox, /home/robot/dd2419_ws/devel/share/robp_phidgets/docs/LoggingConfig-usage.dox)
Linked: (/home/robot/dd2419_ws/devel/.private/robp_phidgets/share/robp_phidgets/docs/TemperatureConfig.wikidoc, /home/robot/dd2419_ws/devel/share/robp_phidgets/docs/TemperatureConfig.wikidoc)
Linked: (/home/robot/dd2419_ws/devel/.private/robp_phidgets/share/robp_phidgets/docs/SpatialConfig.wikidoc, /home/robot/dd2419_ws/devel/share/robp_phidgets/docs/SpatialConfig.wikidoc)
Linked: (/home/robot/dd2419_ws/devel/.private/robp_phidgets/share/robp_phidgets/docs/TemperatureConfig.dox, /home/robot/dd2419_ws/devel/share/robp_phidgets/docs/TemperatureConfig.dox)
Linked: (/home/robot/dd2419_ws/devel/.private/robp_phidgets/share/robp_phidgets/docs/EncoderConfig.dox, /home/robot/dd2419_ws/devel/share/robp_phidgets/docs/EncoderConfig.dox)
Linked: (/home/robot/dd2419_ws/devel/.private/robp_phidgets/share/robp_phidgets/docs/TemperatureConfig-usage.dox, /home/robot/dd2419_ws/devel/share/robp_phidgets/docs/TemperatureConfig-usage.dox)
Linked: (/home/robot/dd2419_ws/devel/.private/robp_phidgets/share/robp_phidgets/docs/EncoderConfig-usage.dox, /home/robot/dd2419_ws/devel/share/robp_phidgets/docs/EncoderConfig-usage.dox)
Linked: (/home/robot/dd2419_ws/devel/.private/robp_phidgets/share/robp_phidgets/docs/EncoderConfig.wikidoc, /home/robot/dd2419_ws/devel/share/robp_phidgets/docs/EncoderConfig.wikidoc)
Linked: (/home/robot/dd2419_ws/devel/.private/robp_phidgets/share/robp_phidgets/docs/LoggingConfig.wikidoc, /home/robot/dd2419_ws/devel/share/robp_phidgets/docs/LoggingConfig.wikidoc)
Linked: (/home/robot/dd2419_ws/devel/.private/robp_phidgets/share/robp_phidgets/docs/SpatialConfig.dox, /home/robot/dd2419_ws/devel/share/robp_phidgets/docs/SpatialConfig.dox)
Linked: (/home/robot/dd2419_ws/devel/.private/robp_phidgets/share/robp_phidgets/docs/SpatialConfig-usage.dox, /home/robot/dd2419_ws/devel/share/robp_phidgets/docs/SpatialConfig-usage.dox)
Linked: (/home/robot/dd2419_ws/devel/.private/robp_phidgets/share/robp_phidgets/docs/MotorConfig-usage.dox, /home/robot/dd2419_ws/devel/share/robp_phidgets/docs/MotorConfig-usage.dox)
Linked: (/home/robot/dd2419_ws/devel/.private/robp_phidgets/share/robp_phidgets/docs/MotorConfig.dox, /home/robot/dd2419_ws/devel/share/robp_phidgets/docs/MotorConfig.dox)
Linked: (/home/robot/dd2419_ws/devel/.private/robp_phidgets/share/robp_phidgets/docs/LoggingConfig.dox, /home/robot/dd2419_ws/devel/share/robp_phidgets/docs/LoggingConfig.dox)
Linked: (/home/robot/dd2419_ws/devel/.private/robp_phidgets/share/robp_phidgets/cmake/robp_phidgetsConfig.cmake, /home/robot/dd2419_ws/devel/share/robp_phidgets/cmake/robp_phidgetsConfig.cmake)
Linked: (/home/robot/dd2419_ws/devel/.private/robp_phidgets/share/robp_phidgets/cmake/robp_phidgetsConfig-version.cmake, /home/robot/dd2419_ws/devel/share/robp_phidgets/cmake/robp_phidgetsConfig-version.cmake)
Linked: (/home/robot/dd2419_ws/devel/.private/robp_phidgets/include/robp_phidgets/EncoderConfig.h, /home/robot/dd2419_ws/devel/include/robp_phidgets/EncoderConfig.h)
Linked: (/home/robot/dd2419_ws/devel/.private/robp_phidgets/include/robp_phidgets/LoggingConfig.h, /home/robot/dd2419_ws/devel/include/robp_phidgets/LoggingConfig.h)
Linked: (/home/robot/dd2419_ws/devel/.private/robp_phidgets/include/robp_phidgets/MotorConfig.h, /home/robot/dd2419_ws/devel/include/robp_phidgets/MotorConfig.h)
Linked: (/home/robot/dd2419_ws/devel/.private/robp_phidgets/include/robp_phidgets/TemperatureConfig.h, /home/robot/dd2419_ws/devel/include/robp_phidgets/TemperatureConfig.h)
Linked: (/home/robot/dd2419_ws/devel/.private/robp_phidgets/include/robp_phidgets/SpatialConfig.h, /home/robot/dd2419_ws/devel/include/robp_phidgets/SpatialConfig.h)
