[  0%] Built target tf2_msgs_generate_messages_lisp
[  0%] Built target std_srvs_generate_messages_eus
[  0%] Built target actionlib_msgs_generate_messages_lisp
[  0%] Built target std_srvs_generate_messages_py
[  0%] Built target std_srvs_generate_messages_lisp
[  0%] Built target robp_msgs_generate_messages_lisp
[  0%] Built target tf2_msgs_generate_messages_nodejs
[  0%] Built target robp_msgs_generate_messages_cpp
[  0%] Built target robp_msgs_generate_messages_nodejs
[  0%] Built target roscpp_generate_messages_py
[  0%] Built target rosgraph_msgs_generate_messages_eus
[  0%] Built target geometry_msgs_generate_messages_eus
[  0%] Built target roscpp_generate_messages_eus
[  0%] Built target std_msgs_generate_messages_py
[  0%] Built target nodelet_generate_messages_lisp
[  0%] Built target std_msgs_generate_messages_nodejs
[  0%] Built target actionlib_generate_messages_lisp
[  0%] Built target dynamic_reconfigure_gencfg
[  0%] Built target std_msgs_generate_messages_lisp
[  0%] Built target roscpp_generate_messages_lisp
[  0%] Built target sensor_msgs_generate_messages_cpp
[  0%] Built target std_srvs_generate_messages_cpp
[  0%] Built target robp_msgs_generate_messages_eus
[ 16%] Built target robp_phidgets_gencfg
[ 16%] Built target dynamic_reconfigure_generate_messages_eus
[ 16%] Built target nodelet_generate_messages_cpp
[ 16%] Built target rosgraph_msgs_generate_messages_lisp
[ 16%] Built target rosgraph_msgs_generate_messages_py
[ 16%] Built target dynamic_reconfigure_generate_messages_py
[ 16%] Built target geometry_msgs_generate_messages_nodejs
[ 16%] Built target actionlib_msgs_generate_messages_eus
[ 16%] Built target geometry_msgs_generate_messages_cpp
[ 16%] Built target roscpp_generate_messages_cpp
[ 16%] Built target dynamic_reconfigure_generate_messages_cpp
[ 16%] Built target geometry_msgs_generate_messages_py
[ 16%] Built target tf2_msgs_generate_messages_eus
[ 16%] Built target sensor_msgs_generate_messages_py
[ 16%] Built target dynamic_reconfigure_generate_messages_lisp
[ 16%] Built target std_msgs_generate_messages_cpp
[ 16%] Built target tf2_msgs_generate_messages_cpp
[ 16%] Built target robp_msgs_generate_messages_py
[ 16%] Built target roscpp_generate_messages_nodejs
[ 16%] Built target geometry_msgs_generate_messages_lisp
[ 16%] Built target imu_filter_madgwick_gencfg
[ 16%] Built target rosgraph_msgs_generate_messages_nodejs
[ 16%] Built target actionlib_msgs_generate_messages_py
[ 16%] Built target actionlib_generate_messages_cpp
[ 16%] Built target nodelet_generate_messages_eus
[ 16%] Built target actionlib_generate_messages_nodejs
[ 16%] Built target bond_generate_messages_nodejs
[ 16%] Built target nodelet_generate_messages_nodejs
[ 26%] Built target robp_phidgets_util
[ 26%] Built target std_srvs_generate_messages_nodejs
[ 26%] Built target nodelet_generate_messages_py
[ 26%] Built target tf2_msgs_generate_messages_py
[ 26%] Built target dynamic_reconfigure_generate_messages_nodejs
[ 26%] Built target bond_generate_messages_eus
[ 26%] Built target bond_generate_messages_cpp
[ 26%] Built target sensor_msgs_generate_messages_nodejs
[ 26%] Built target bond_generate_messages_lisp
[ 26%] Built target sensor_msgs_generate_messages_lisp
[ 26%] Built target sensor_msgs_generate_messages_eus
[ 26%] Built target bond_generate_messages_py
[ 26%] Built target actionlib_generate_messages_eus
[ 26%] Built target rosgraph_msgs_generate_messages_cpp
[ 26%] Built target actionlib_msgs_generate_messages_cpp
[ 26%] Built target actionlib_generate_messages_py
[ 26%] Built target std_msgs_generate_messages_eus
[ 26%] Built target actionlib_msgs_generate_messages_nodejs
[ 33%] Built target robp_phidgets_encoder
[ 40%] Built target robp_phidgets_logging_nodelet
[ 46%] Built target robp_phidgets_motor
[ 53%] Built target robp_phidgets_spatial
[ 60%] Built target robp_phidgets_temperature
[ 66%] Built target robp_phidgets_encoders
[ 73%] Built target robp_phidgets_motors
[ 80%] Built target robp_phidgets_spatial_nodelet
[ 86%] Built target robp_phidgets_temperature_nodelet
[ 93%] Built target robp_phidgets_encoders_nodelet
[100%] Built target robp_phidgets_motors_nodelet
