Symlinking /home/robot/dd2419_ws/devel/lib/librobp_phidgets_temperature_nodelet.so
Symlinking /home/robot/dd2419_ws/devel/lib/librobp_phidgets_spatial.so
Symlinking /home/robot/dd2419_ws/devel/lib/librobp_phidgets_temperature.so
Symlinking /home/robot/dd2419_ws/devel/lib/librobp_phidgets_util.so
Symlinking /home/robot/dd2419_ws/devel/lib/librobp_phidgets_motors_nodelet.so
Symlinking /home/robot/dd2419_ws/devel/lib/librobp_phidgets_logging_nodelet.so
Symlinking /home/robot/dd2419_ws/devel/lib/librobp_phidgets_encoder.so
Symlinking /home/robot/dd2419_ws/devel/lib/librobp_phidgets_encoders.so
Symlinking /home/robot/dd2419_ws/devel/lib/librobp_phidgets_motors.so
Symlinking /home/robot/dd2419_ws/devel/lib/librobp_phidgets_encoders_nodelet.so
Symlinking /home/robot/dd2419_ws/devel/lib/librobp_phidgets_motor.so
Symlinking /home/robot/dd2419_ws/devel/lib/librobp_phidgets_spatial_nodelet.so
Symlinking /home/robot/dd2419_ws/devel/lib/pkgconfig/robp_phidgets.pc
Symlinking /home/robot/dd2419_ws/devel/lib/python3/dist-packages/robp_phidgets/__init__.py
Symlinking /home/robot/dd2419_ws/devel/lib/python3/dist-packages/robp_phidgets/cfg/MotorConfig.py
Symlinking /home/robot/dd2419_ws/devel/lib/python3/dist-packages/robp_phidgets/cfg/TemperatureConfig.py
Symlinking /home/robot/dd2419_ws/devel/lib/python3/dist-packages/robp_phidgets/cfg/__init__.py
Symlinking /home/robot/dd2419_ws/devel/lib/python3/dist-packages/robp_phidgets/cfg/EncoderConfig.py
Symlinking /home/robot/dd2419_ws/devel/lib/python3/dist-packages/robp_phidgets/cfg/LoggingConfig.py
Symlinking /home/robot/dd2419_ws/devel/lib/python3/dist-packages/robp_phidgets/cfg/SpatialConfig.py
Symlinking /home/robot/dd2419_ws/devel/share/robp_phidgets/docs/MotorConfig.wikidoc
Symlinking /home/robot/dd2419_ws/devel/share/robp_phidgets/docs/LoggingConfig-usage.dox
Symlinking /home/robot/dd2419_ws/devel/share/robp_phidgets/docs/TemperatureConfig.wikidoc
Symlinking /home/robot/dd2419_ws/devel/share/robp_phidgets/docs/SpatialConfig.wikidoc
Symlinking /home/robot/dd2419_ws/devel/share/robp_phidgets/docs/TemperatureConfig.dox
Symlinking /home/robot/dd2419_ws/devel/share/robp_phidgets/docs/EncoderConfig.dox
Symlinking /home/robot/dd2419_ws/devel/share/robp_phidgets/docs/TemperatureConfig-usage.dox
Symlinking /home/robot/dd2419_ws/devel/share/robp_phidgets/docs/EncoderConfig-usage.dox
Symlinking /home/robot/dd2419_ws/devel/share/robp_phidgets/docs/EncoderConfig.wikidoc
Symlinking /home/robot/dd2419_ws/devel/share/robp_phidgets/docs/LoggingConfig.wikidoc
Symlinking /home/robot/dd2419_ws/devel/share/robp_phidgets/docs/SpatialConfig.dox
Symlinking /home/robot/dd2419_ws/devel/share/robp_phidgets/docs/SpatialConfig-usage.dox
Symlinking /home/robot/dd2419_ws/devel/share/robp_phidgets/docs/MotorConfig-usage.dox
Symlinking /home/robot/dd2419_ws/devel/share/robp_phidgets/docs/MotorConfig.dox
Symlinking /home/robot/dd2419_ws/devel/share/robp_phidgets/docs/LoggingConfig.dox
Symlinking /home/robot/dd2419_ws/devel/share/robp_phidgets/cmake/robp_phidgetsConfig.cmake
Symlinking /home/robot/dd2419_ws/devel/share/robp_phidgets/cmake/robp_phidgetsConfig-version.cmake
Symlinking /home/robot/dd2419_ws/devel/include/robp_phidgets/EncoderConfig.h
Symlinking /home/robot/dd2419_ws/devel/include/robp_phidgets/LoggingConfig.h
Symlinking /home/robot/dd2419_ws/devel/include/robp_phidgets/MotorConfig.h
Symlinking /home/robot/dd2419_ws/devel/include/robp_phidgets/TemperatureConfig.h
Symlinking /home/robot/dd2419_ws/devel/include/robp_phidgets/SpatialConfig.h
