Symlinking /home/robot/dd2419_ws/devel/lib/pkgconfig/robp_msgs.pc
Symlinking /home/robot/dd2419_ws/devel/lib/python3/dist-packages/robp_msgs/__init__.py
Symlinking /home/robot/dd2419_ws/devel/lib/python3/dist-packages/robp_msgs/msg/_DutyCycles.py
Symlinking /home/robot/dd2419_ws/devel/lib/python3/dist-packages/robp_msgs/msg/__init__.py
Symlinking /home/robot/dd2419_ws/devel/lib/python3/dist-packages/robp_msgs/msg/_Encoders.py
Symlinking /home/robot/dd2419_ws/devel/share/common-lisp/ros/robp_msgs/msg/_package_Encoders.lisp
Symlinking /home/robot/dd2419_ws/devel/share/common-lisp/ros/robp_msgs/msg/Encoders.lisp
Symlinking /home/robot/dd2419_ws/devel/share/common-lisp/ros/robp_msgs/msg/DutyCycles.lisp
Symlinking /home/robot/dd2419_ws/devel/share/common-lisp/ros/robp_msgs/msg/robp_msgs-msg.asd
Symlinking /home/robot/dd2419_ws/devel/share/common-lisp/ros/robp_msgs/msg/_package.lisp
Symlinking /home/robot/dd2419_ws/devel/share/common-lisp/ros/robp_msgs/msg/_package_DutyCycles.lisp
Symlinking /home/robot/dd2419_ws/devel/share/gennodejs/ros/robp_msgs/_index.js
Symlinking /home/robot/dd2419_ws/devel/share/gennodejs/ros/robp_msgs/msg/Encoders.js
Symlinking /home/robot/dd2419_ws/devel/share/gennodejs/ros/robp_msgs/msg/DutyCycles.js
Symlinking /home/robot/dd2419_ws/devel/share/gennodejs/ros/robp_msgs/msg/_index.js
Symlinking /home/robot/dd2419_ws/devel/share/roseus/ros/robp_msgs/manifest.l
Symlinking /home/robot/dd2419_ws/devel/share/roseus/ros/robp_msgs/msg/Encoders.l
Symlinking /home/robot/dd2419_ws/devel/share/roseus/ros/robp_msgs/msg/DutyCycles.l
Symlinking /home/robot/dd2419_ws/devel/share/robp_msgs/cmake/robp_msgs-msg-extras.cmake
Symlinking /home/robot/dd2419_ws/devel/share/robp_msgs/cmake/robp_msgs-msg-paths.cmake
Symlinking /home/robot/dd2419_ws/devel/share/robp_msgs/cmake/robp_msgsConfig.cmake
Symlinking /home/robot/dd2419_ws/devel/share/robp_msgs/cmake/robp_msgsConfig-version.cmake
Symlinking /home/robot/dd2419_ws/devel/include/robp_msgs/Encoders.h
Symlinking /home/robot/dd2419_ws/devel/include/robp_msgs/DutyCycles.h
