[35m[1mScanning dependencies of target _robp_msgs_generate_messages_check_deps_Encoders[0m
[35m[1mScanning dependencies of target std_msgs_generate_messages_nodejs[0m
[35m[1mScanning dependencies of target std_msgs_generate_messages_py[0m
[35m[1mScanning dependencies of target _robp_msgs_generate_messages_check_deps_DutyCycles[0m
[35m[1mScanning dependencies of target std_msgs_generate_messages_eus[0m
[35m[1mScanning dependencies of target std_msgs_generate_messages_cpp[0m
[35m[1mScanning dependencies of target std_msgs_generate_messages_lisp[0m
[  0%] Built target std_msgs_generate_messages_nodejs
[  0%] Built target std_msgs_generate_messages_eus
[  0%] Built target std_msgs_generate_messages_py
[  0%] Built target std_msgs_generate_messages_cpp
[  0%] Built target std_msgs_generate_messages_lisp
[  0%] Built target _robp_msgs_generate_messages_check_deps_Encoders
[  0%] Built target _robp_msgs_generate_messages_check_deps_DutyCycles
[35m[1mScanning dependencies of target robp_msgs_generate_messages_nodejs[0m
[35m[1mScanning dependencies of target robp_msgs_generate_messages_cpp[0m
[35m[1mScanning dependencies of target robp_msgs_generate_messages_lisp[0m
[35m[1mScanning dependencies of target robp_msgs_generate_messages_py[0m
[35m[1mScanning dependencies of target robp_msgs_generate_messages_eus[0m
[  8%] [34m[1mGenerating Javascript code from robp_msgs/DutyCycles.msg[0m
[ 16%] [34m[1mGenerating Javascript code from robp_msgs/Encoders.msg[0m
[ 25%] [34m[1mGenerating Lisp code from robp_msgs/Encoders.msg[0m
[ 33%] [34m[1mGenerating C++ code from robp_msgs/DutyCycles.msg[0m
[ 41%] [34m[1mGenerating C++ code from robp_msgs/Encoders.msg[0m
[ 50%] [34m[1mGenerating Lisp code from robp_msgs/DutyCycles.msg[0m
[ 58%] [34m[1mGenerating EusLisp code from robp_msgs/Encoders.msg[0m
[ 66%] [34m[1mGenerating Python from MSG robp_msgs/Encoders[0m
[ 75%] [34m[1mGenerating Python from MSG robp_msgs/DutyCycles[0m
[ 83%] [34m[1mGenerating EusLisp code from robp_msgs/DutyCycles.msg[0m
[ 83%] Built target robp_msgs_generate_messages_nodejs
[ 83%] Built target robp_msgs_generate_messages_lisp
[ 91%] [34m[1mGenerating EusLisp manifest code for robp_msgs[0m
[ 91%] Built target robp_msgs_generate_messages_cpp
[100%] [34m[1mGenerating Python msg __init__.py for robp_msgs[0m
[100%] Built target robp_msgs_generate_messages_py
[100%] Built target robp_msgs_generate_messages_eus
[35m[1mScanning dependencies of target robp_msgs_generate_messages[0m
[100%] Built target robp_msgs_generate_messages
